<?xml version="1.0" encoding="UTF-8"?>
<!-- Generated by org.testng.reporters.JUnitXMLReporter -->
<testsuite ignored="0" hostname="Hemant-Payal" failures="0" tests="4" name="Surefire test" time="0.097" errors="0" timestamp="2025-01-10T10:06:36 IST">
  <testcase classname="contactPackage.ContactTest" name="createContact" time="0.007"/>
  <testcase classname="contactPackage.ContactTest" name="modifyContact" time="0.001"/>
  <testcase classname="orgPackage.orgTest" name="createOrg" time="0.001"/>
  <testcase classname="orgPackage.orgTest" name="modifyOrg" time="0.001"/>
</testsuite> <!-- Surefire test -->
