<?xml version="1.0" encoding="UTF-8"?>
<!-- Generated by org.testng.reporters.JUnitXMLReporter -->
<testsuite ignored="2" hostname="Hemant-Payal" failures="0" tests="2" name="Test" time="0.081" errors="0" timestamp="2025-01-10T10:09:32 IST">
  <testcase classname="contactPackage.ContactTest" name="modifyContact" time="0.008"/>
  <testcase classname="orgPackage.orgTest" name="modifyOrg" time="0.001"/>
  <testcase classname="contactPackage.ContactTest" name="createContact" time="0.0">
    <ignored/>
  </testcase> <!-- createContact -->
  <testcase classname="orgPackage.orgTest" name="createOrg" time="0.0">
    <ignored/>
  </testcase> <!-- createOrg -->
</testsuite> <!-- Test -->
