<?xml version="1.0" encoding="UTF-8"?>
<testng-results ignored="0" total="4" passed="4" failed="0" skipped="0">
  <reporter-output>
  </reporter-output>
  <suite started-at="2025-01-10T10:00:29 IST" name="Suite" finished-at="2025-01-10T10:00:29 IST" duration-ms="118">
    <groups>
      <group name="regressionTest">
        <method signature="ContactTest.modifyContact()[pri:0, instance:contactPackage.ContactTest@351d00c0]" name="modifyContact" class="contactPackage.ContactTest"/>
        <method signature="orgTest.modifyOrg()[pri:0, instance:orgPackage.orgTest@4c371370]" name="modifyOrg" class="orgPackage.orgTest"/>
      </group> <!-- regressionTest -->
      <group name="smokeTest">
        <method signature="ContactTest.createContact()[pri:0, instance:contactPackage.ContactTest@351d00c0]" name="createContact" class="contactPackage.ContactTest"/>
        <method signature="orgTest.createOrg()[pri:0, instance:orgPackage.orgTest@4c371370]" name="createOrg" class="orgPackage.orgTest"/>
      </group> <!-- smokeTest -->
    </groups>
    <test started-at="2025-01-10T10:00:29 IST" name="Test" finished-at="2025-01-10T10:00:29 IST" duration-ms="118">
      <class name="contactPackage.ContactTest">
        <test-method signature="createContact()[pri:0, instance:contactPackage.ContactTest@351d00c0]" started-at="2025-01-10T10:00:29 IST" name="createContact" finished-at="2025-01-10T10:00:29 IST" duration-ms="15" status="PASS">
          <reporter-output>
          </reporter-output>
        </test-method> <!-- createContact -->
        <test-method signature="modifyContact()[pri:0, instance:contactPackage.ContactTest@351d00c0]" started-at="2025-01-10T10:00:29 IST" name="modifyContact" finished-at="2025-01-10T10:00:29 IST" duration-ms="2" status="PASS">
          <reporter-output>
          </reporter-output>
        </test-method> <!-- modifyContact -->
      </class> <!-- contactPackage.ContactTest -->
      <class name="orgPackage.orgTest">
        <test-method signature="createOrg()[pri:0, instance:orgPackage.orgTest@4c371370]" started-at="2025-01-10T10:00:29 IST" name="createOrg" finished-at="2025-01-10T10:00:29 IST" duration-ms="1" status="PASS">
          <reporter-output>
          </reporter-output>
        </test-method> <!-- createOrg -->
        <test-method signature="modifyOrg()[pri:0, instance:orgPackage.orgTest@4c371370]" started-at="2025-01-10T10:00:29 IST" name="modifyOrg" finished-at="2025-01-10T10:00:29 IST" duration-ms="2" status="PASS">
          <reporter-output>
          </reporter-output>
        </test-method> <!-- modifyOrg -->
      </class> <!-- orgPackage.orgTest -->
    </test> <!-- Test -->
  </suite> <!-- Suite -->
</testng-results>
